mode: set
mod/cookies.go:16.51,21.78 2 0
mod/cookies.go:21.78,31.3 3 0
mod/cookies.go:34.36,42.2 2 0
mod/cookies.go:44.50,45.70 1 0
mod/cookies.go:51.2,51.11 1 0
mod/cookies.go:45.70,47.84 2 0
mod/cookies.go:47.84,49.4 1 0
mod/cookies.go:54.62,55.70 1 0
mod/cookies.go:66.2,66.11 1 0
mod/cookies.go:55.70,57.84 2 0
mod/cookies.go:57.84,59.18 2 0
mod/cookies.go:63.4,63.28 1 0
mod/cookies.go:59.18,61.5 1 0
mod/handlers.go:33.57,37.47 2 0
mod/handlers.go:41.2,45.16 3 0
mod/handlers.go:50.2,56.36 4 0
mod/handlers.go:37.47,39.3 1 0
mod/handlers.go:45.16,48.3 2 0
mod/handlers.go:59.57,63.50 2 0
mod/handlers.go:67.2,69.16 2 0
mod/handlers.go:73.2,75.69 2 0
mod/handlers.go:79.2,84.36 3 0
mod/handlers.go:63.50,65.3 1 0
mod/handlers.go:69.16,71.3 1 0
mod/handlers.go:75.69,77.3 1 0
mod/handlers.go:87.60,93.26 4 0
mod/handlers.go:102.2,102.36 1 0
mod/handlers.go:93.26,100.3 2 0
mod/handlers.go:105.53,107.2 1 0
mod/handlers.go:109.64,113.59 2 0
mod/handlers.go:117.2,121.16 3 0
mod/handlers.go:126.2,128.45 3 0
mod/handlers.go:132.2,132.45 1 0
mod/handlers.go:139.2,140.16 2 0
mod/handlers.go:144.2,149.36 4 0
mod/handlers.go:113.59,115.3 1 0
mod/handlers.go:121.16,124.3 2 0
mod/handlers.go:128.45,130.3 1 0
mod/handlers.go:132.45,134.3 1 0
mod/handlers.go:134.8,137.3 1 0
mod/handlers.go:140.16,143.3 2 0
mod/handlers.go:152.62,157.16 3 0
mod/handlers.go:161.2,166.16 4 0
mod/handlers.go:171.2,176.16 5 0
mod/handlers.go:180.2,182.36 2 0
mod/handlers.go:157.16,159.3 1 0
mod/handlers.go:166.16,169.3 2 0
mod/handlers.go:176.16,179.3 2 0
mod/handlers.go:185.58,187.16 2 0
mod/handlers.go:192.2,193.16 2 0
mod/handlers.go:197.2,202.16 4 0
mod/handlers.go:206.2,208.44 2 0
mod/handlers.go:213.2,213.12 1 0
mod/handlers.go:187.16,190.3 2 0
mod/handlers.go:193.16,196.3 2 0
mod/handlers.go:202.16,205.3 2 0
mod/handlers.go:208.44,211.3 2 0
mod/handlers.go:216.61,224.2 2 0
mod/handlers.go:226.59,234.2 4 0
mod/handlers.go:236.57,239.2 2 0
mod/handlers.go:241.65,242.35 1 0
mod/handlers.go:246.2,247.16 2 0
mod/handlers.go:252.2,256.36 3 0
mod/handlers.go:242.35,244.3 1 0
mod/handlers.go:247.16,250.3 2 0
mod/passwordCrypt.go:11.57,14.2 2 0
mod/passwordCrypt.go:16.60,21.2 4 0
mod/passwordCrypt.go:23.47,27.2 3 0
mod/server.go:13.13,25.16 8 0
mod/server.go:29.2,58.37 16 0
mod/server.go:25.16,27.3 1 0
mod/user_repo.go:18.57,21.16 3 1
mod/user_repo.go:24.2,25.18 2 1
mod/user_repo.go:33.2,33.19 1 1
mod/user_repo.go:21.16,23.3 1 1
mod/user_repo.go:25.18,28.17 3 1
mod/user_repo.go:31.3,31.32 1 1
mod/user_repo.go:28.17,30.4 1 1
mod/user_repo.go:36.66,41.16 3 1
mod/user_repo.go:44.2,44.20 1 1
mod/user_repo.go:41.16,43.3 1 1
mod/user_repo.go:48.80,53.16 3 1
mod/user_repo.go:56.2,56.20 1 1
mod/user_repo.go:53.16,55.3 1 1
mod/user_repo.go:59.64,67.16 3 1
mod/user_repo.go:70.2,70.30 1 1
mod/user_repo.go:67.16,69.3 1 1
mod/user_repo.go:73.64,85.16 2 1
mod/user_repo.go:88.2,88.30 1 1
mod/user_repo.go:85.16,87.3 1 1
mod/user_repo.go:91.62,96.16 2 1
mod/user_repo.go:99.2,99.30 1 1
mod/user_repo.go:96.16,98.3 1 1
