mode: set
mod/cookies.go:16.55,18.16 2 0
mod/cookies.go:22.2,27.16 5 0
mod/cookies.go:30.2,30.12 1 0
mod/cookies.go:18.16,20.3 1 0
mod/cookies.go:27.16,29.3 1 0
mod/cookies.go:34.42,36.16 2 0
mod/cookies.go:40.2,46.16 6 0
mod/cookies.go:49.2,49.12 1 0
mod/cookies.go:36.16,38.3 1 0
mod/cookies.go:46.16,48.3 1 0
mod/cookies.go:53.43,55.16 2 0
mod/cookies.go:58.2,58.37 1 0
mod/cookies.go:55.16,57.3 1 0
mod/cookies.go:62.50,64.16 2 0
mod/cookies.go:67.2,67.44 1 0
mod/cookies.go:64.16,66.3 1 0
mod/cookies.go:71.48,73.16 2 0
mod/cookies.go:76.2,76.42 1 0
mod/cookies.go:73.16,75.3 1 0
mod/csrf_token.go:24.52,26.2 1 0
mod/csrf_token.go:36.85,47.2 3 0
mod/csrf_token.go:50.81,53.16 3 0
mod/csrf_token.go:56.2,56.28 1 0
mod/csrf_token.go:59.2,59.75 1 0
mod/csrf_token.go:53.16,55.3 1 0
mod/csrf_token.go:56.28,58.3 1 0
mod/csrf_token.go:63.78,65.36 2 0
mod/csrf_token.go:68.2,68.23 1 0
mod/csrf_token.go:65.36,67.3 1 0
mod/csrf_token.go:72.87,74.36 2 0
mod/csrf_token.go:77.2,83.9 3 0
mod/csrf_token.go:86.2,87.27 2 0
mod/csrf_token.go:93.2,93.18 1 0
mod/csrf_token.go:96.2,96.20 1 0
mod/csrf_token.go:74.36,76.3 1 0
mod/csrf_token.go:83.9,85.3 1 0
mod/csrf_token.go:87.27,88.34 1 0
mod/csrf_token.go:88.34,90.9 2 0
mod/csrf_token.go:93.18,95.3 1 0
mod/handlers.go:30.57,34.47 2 0
mod/handlers.go:38.2,45.16 5 0
mod/handlers.go:50.2,52.53 2 0
mod/handlers.go:56.2,58.36 2 0
mod/handlers.go:34.47,36.3 1 0
mod/handlers.go:45.16,48.3 2 0
mod/handlers.go:52.53,54.3 1 0
mod/handlers.go:61.57,65.50 2 0
mod/handlers.go:69.2,74.16 4 0
mod/handlers.go:78.2,80.69 2 0
mod/handlers.go:84.2,87.56 2 0
mod/handlers.go:91.2,91.36 1 0
mod/handlers.go:65.50,67.3 1 0
mod/handlers.go:74.16,76.3 1 0
mod/handlers.go:80.69,82.3 1 0
mod/handlers.go:87.56,89.3 1 0
mod/handlers.go:94.60,100.26 4 0
mod/handlers.go:109.2,109.36 1 0
mod/handlers.go:100.26,107.3 2 0
mod/handlers.go:112.53,114.2 1 0
mod/handlers.go:116.64,120.59 2 0
mod/handlers.go:124.2,128.16 3 0
mod/handlers.go:133.2,135.45 3 0
mod/handlers.go:139.2,139.45 1 0
mod/handlers.go:146.2,147.16 2 0
mod/handlers.go:151.2,153.40 2 0
mod/handlers.go:157.2,157.65 1 0
mod/handlers.go:161.2,161.36 1 0
mod/handlers.go:120.59,122.3 1 0
mod/handlers.go:128.16,131.3 2 0
mod/handlers.go:135.45,137.3 1 0
mod/handlers.go:139.45,141.3 1 0
mod/handlers.go:141.8,144.3 1 0
mod/handlers.go:147.16,150.3 2 0
mod/handlers.go:153.40,155.3 1 0
mod/handlers.go:157.65,159.3 1 0
mod/handlers.go:164.62,169.16 3 0
mod/handlers.go:173.2,178.16 4 0
mod/handlers.go:183.2,188.16 5 0
mod/handlers.go:192.2,194.36 2 0
mod/handlers.go:169.16,171.3 1 0
mod/handlers.go:178.16,181.3 2 0
mod/handlers.go:188.16,191.3 2 0
mod/handlers.go:197.58,199.16 2 0
mod/handlers.go:204.2,205.16 2 0
mod/handlers.go:209.2,214.16 4 0
mod/handlers.go:218.2,220.44 2 0
mod/handlers.go:225.2,225.12 1 0
mod/handlers.go:199.16,202.3 2 0
mod/handlers.go:205.16,208.3 2 0
mod/handlers.go:214.16,217.3 2 0
mod/handlers.go:220.44,223.3 2 0
mod/handlers.go:228.61,236.2 2 0
mod/handlers.go:238.59,246.2 4 0
mod/handlers.go:248.57,251.2 2 0
mod/handlers.go:253.65,254.35 1 0
mod/handlers.go:258.2,259.16 2 0
mod/handlers.go:264.2,268.36 3 0
mod/handlers.go:254.35,256.3 1 0
mod/handlers.go:259.16,262.3 2 0
mod/passwordCrypt.go:11.57,14.2 2 0
mod/passwordCrypt.go:16.60,21.2 4 0
mod/passwordCrypt.go:23.47,27.2 3 0
mod/server.go:12.13,24.16 8 0
mod/server.go:28.2,58.37 16 0
mod/server.go:24.16,26.3 1 0
mod/user_repo.go:21.57,24.16 3 1
mod/user_repo.go:27.2,28.18 2 1
mod/user_repo.go:36.2,36.19 1 1
mod/user_repo.go:24.16,26.3 1 1
mod/user_repo.go:28.18,31.17 3 1
mod/user_repo.go:34.3,34.32 1 1
mod/user_repo.go:31.17,33.4 1 1
mod/user_repo.go:40.66,45.16 3 1
mod/user_repo.go:48.2,48.20 1 1
mod/user_repo.go:45.16,47.3 1 1
mod/user_repo.go:52.80,57.16 3 1
mod/user_repo.go:60.2,60.20 1 1
mod/user_repo.go:57.16,59.3 1 1
mod/user_repo.go:64.64,72.16 3 1
mod/user_repo.go:75.2,75.30 1 1
mod/user_repo.go:72.16,74.3 1 1
mod/user_repo.go:79.64,91.16 2 1
mod/user_repo.go:94.2,94.30 1 1
mod/user_repo.go:91.16,93.3 1 1
mod/user_repo.go:98.62,103.16 2 1
mod/user_repo.go:106.2,106.30 1 1
mod/user_repo.go:103.16,105.3 1 1
